#
# There is insufficient memory for the Java Runtime Environment to continue.
# Native memory allocation (malloc) failed to allocate 1413936 bytes for Chunk::new
# Possible reasons:
#   The system is out of physical RAM or swap space
#   The process is running with CompressedOops enabled, and the Java Heap may be blocking the growth of the native heap
# Possible solutions:
#   Reduce memory load on the system
#   Increase physical memory or swap space
#   Check if swap backing store is full
#   Decrease Java heap size (-Xmx/-Xms)
#   Decrease number of Java threads
#   Decrease Java thread stack sizes (-Xss)
#   Set larger code cache with -XX:ReservedCodeCacheSize=
#   JVM is running with Zero Based Compressed Oops mode in which the Java heap is
#     placed in the first 32GB address space. The Java Heap base address is the
#     maximum limit for the native heap growth. Please use -XX:HeapBaseMinAddress
#     to set the Java Heap base and to place the Java Heap above 32GB virtual address.
# This output file may be truncated or incomplete.
#
#  Out of Memory Error (t:/workspace/open/src/hotspot/share/memory/arena.cpp:197), pid=64572, tid=18972
#
# JRE version: Java(TM) SE Runtime Environment (12.0.1+12) (build 12.0.1+12)
# Java VM: Java HotSpot(TM) 64-Bit Server VM (12.0.1+12, mixed mode, sharing, tiered, compressed oops, g1 gc, windows-amd64)
# No core dump will be written. Minidumps are not enabled by default on client versions of Windows
#

---------------  S U M M A R Y ------------

Command Line: -Dfile.encoding=UTF-8 Main.Game

Host: Intel(R) Xeon(R) CPU E3-1231 v3 @ 3.40GHz, 8 cores, 15G,  Windows 10 , 64 bit Build 19041 (10.0.19041.1023)
Time: Thu Dec 23 05:53:57 2021 台北標準時間 elapsed time: 1 seconds (0d 0h 0m 1s)

---------------  T H R E A D  ---------------

Current thread (0x000001b530ec7000):  JavaThread "C2 CompilerThread2" daemon [_thread_in_native, id=18972, stack(0x0000008521d20000,0x0000008521e20000)]


Current CompileTask:
C2:   1976 1411       4       jdk.internal.org.objectweb.asm.Frame::execute (2305 bytes)

Stack: [0x0000008521d20000,0x0000008521e20000]
Native frames: (J=compiled Java code, j=interpreted, Vv=VM code, C=native code)
V  [jvm.dll+0x63948a]
V  [jvm.dll+0x78b31f]
V  [jvm.dll+0x78c9c1]
V  [jvm.dll+0x78d013]
V  [jvm.dll+0x262138]
V  [jvm.dll+0xc582c]
V  [jvm.dll+0xc5dac]
V  [jvm.dll+0x3796a7]
V  [jvm.dll+0x345493]
V  [jvm.dll+0x34485a]
V  [jvm.dll+0x21c035]
V  [jvm.dll+0x21b20a]
V  [jvm.dll+0x199890]
V  [jvm.dll+0x22a534]
V  [jvm.dll+0x228b88]
V  [jvm.dll+0x74f660]
V  [jvm.dll+0x748648]
V  [jvm.dll+0x638566]
C  [ucrtbase.dll+0x21bb2]
C  [KERNEL32.DLL+0x17034]
C  [ntdll.dll+0x52651]


---------------  P R O C E S S  ---------------

Threads class SMR info:
_java_thread_list=0x000001b52958c3e0, length=20, elements={
0x000001b5280a6000, 0x000001b5280a7800, 0x000001b5280cc800, 0x000001b5280cd000,
0x000001b5280ce800, 0x000001b5280dc800, 0x000001b5280dd800, 0x000001b528ad8000,
0x000001b528ae1000, 0x000001b528dcd000, 0x000001b528dcd800, 0x000001b528dfc800,
0x000001b530be6800, 0x000001b52953a800, 0x000001b504666800, 0x000001b530b6f000,
0x000001b530ff5800, 0x000001b530ec7000, 0x000001b5312f4000, 0x000001b531664000
}

Java Threads: ( => current thread )
  0x000001b5280a6000 JavaThread "Reference Handler" daemon [_thread_blocked, id=58692, stack(0x0000008520100000,0x0000008520200000)]
  0x000001b5280a7800 JavaThread "Finalizer" daemon [_thread_blocked, id=30944, stack(0x0000008520200000,0x0000008520300000)]
  0x000001b5280cc800 JavaThread "Signal Dispatcher" daemon [_thread_blocked, id=50204, stack(0x0000008520300000,0x0000008520400000)]
  0x000001b5280cd000 JavaThread "Attach Listener" daemon [_thread_blocked, id=10680, stack(0x0000008520400000,0x0000008520500000)]
  0x000001b5280ce800 JavaThread "C2 CompilerThread0" daemon [_thread_blocked, id=19124, stack(0x0000008520500000,0x0000008520600000)]
  0x000001b5280dc800 JavaThread "C1 CompilerThread0" daemon [_thread_blocked, id=51312, stack(0x0000008520600000,0x0000008520700000)]
  0x000001b5280dd800 JavaThread "Sweeper thread" daemon [_thread_blocked, id=49376, stack(0x0000008520700000,0x0000008520800000)]
  0x000001b528ad8000 JavaThread "Service Thread" daemon [_thread_blocked, id=6404, stack(0x0000008520800000,0x0000008520900000)]
  0x000001b528ae1000 JavaThread "Common-Cleaner" daemon [_thread_blocked, id=61460, stack(0x0000008520a00000,0x0000008520b00000)]
  0x000001b528dcd000 JavaThread "Java2D Disposer" daemon [_thread_blocked, id=26604, stack(0x0000008520b00000,0x0000008520c00000)]
  0x000001b528dcd800 JavaThread "AWT-Shutdown" [_thread_blocked, id=8328, stack(0x0000008520c00000,0x0000008520d00000)]
  0x000001b528dfc800 JavaThread "AWT-Windows" daemon [_thread_in_native, id=17404, stack(0x0000008520d00000,0x0000008520e00000)]
  0x000001b530be6800 JavaThread "AWT-EventQueue-0" [_thread_blocked, id=50736, stack(0x0000008521010000,0x0000008521110000)]
  0x000001b52953a800 JavaThread "Thread-0" [_thread_blocked, id=40944, stack(0x0000008521110000,0x0000008521210000)]
  0x000001b504666800 JavaThread "DestroyJavaVM" [_thread_blocked, id=45164, stack(0x000000851fa00000,0x000000851fb00000)]
  0x000001b530b6f000 JavaThread "D3D Screen Updater" daemon [_thread_blocked, id=44348, stack(0x0000008521210000,0x0000008521310000)]
  0x000001b530ff5800 JavaThread "C2 CompilerThread1" daemon [_thread_blocked, id=11040, stack(0x0000008521320000,0x0000008521420000)]
=>0x000001b530ec7000 JavaThread "C2 CompilerThread2" daemon [_thread_in_native, id=18972, stack(0x0000008521d20000,0x0000008521e20000)]
  0x000001b5312f4000 JavaThread "Java Sound Event Dispatcher" daemon [_thread_blocked, id=49232, stack(0x0000008521e20000,0x0000008521f20000)]
  0x000001b531664000 JavaThread "Direct Clip" daemon [_thread_blocked, id=9724, stack(0x0000008522220000,0x0000008522320000)]

Other Threads:
  0x000001b5280a5000 VMThread "VM Thread" [stack: 0x0000008520000000,0x0000008520100000] [id=16388]
  0x000001b528adf800 WatcherThread [stack: 0x0000008520900000,0x0000008520a00000] [id=17248]
  0x000001b5046cd000 GCTaskThread "GC Thread#0" [stack: 0x000000851fb00000,0x000000851fc00000] [id=29148]
  0x000001b530fb1800 GCTaskThread "GC Thread#1" [stack: 0x0000008521420000,0x0000008521520000] [id=3724]
  0x000001b531181800 GCTaskThread "GC Thread#2" [stack: 0x0000008521520000,0x0000008521620000] [id=64484]
  0x000001b531182000 GCTaskThread "GC Thread#3" [stack: 0x0000008521620000,0x0000008521720000] [id=18132]
  0x000001b5311e3000 GCTaskThread "GC Thread#4" [stack: 0x0000008521720000,0x0000008521820000] [id=23524]
  0x000001b5311e4000 GCTaskThread "GC Thread#5" [stack: 0x0000008521820000,0x0000008521920000] [id=4000]
  0x000001b530d3c000 GCTaskThread "GC Thread#6" [stack: 0x0000008521920000,0x0000008521a20000] [id=48812]
  0x000001b531221800 GCTaskThread "GC Thread#7" [stack: 0x0000008521a20000,0x0000008521b20000] [id=17848]
  0x000001b5046e7000 ConcurrentGCThread "G1 Main Marker" [stack: 0x000000851fc00000,0x000000851fd00000] [id=12692]
  0x000001b5046e8000 ConcurrentGCThread "G1 Conc#0" [stack: 0x000000851fd00000,0x000000851fe00000] [id=17344]
  0x000001b527fa1800 ConcurrentGCThread "G1 Refine#0" [stack: 0x000000851fe00000,0x000000851ff00000] [id=47852]
  0x000001b527fa4000 ConcurrentGCThread "G1 Young RemSet Sampling" [stack: 0x000000851ff00000,0x0000008520000000] [id=18792]

Threads with active compile tasks:
C2 CompilerThread2  1411       4       jdk.internal.org.objectweb.asm.Frame::execute (2305 bytes)

VM state:not at safepoint (normal execution)

VM Mutex/Monitor currently owned by a thread: None

Heap address: 0x0000000700e00000, size: 4082 MB, Compressed Oops mode: Zero based, Oop shift amount: 3
Narrow klass base: 0x0000000800000000, Narrow klass shift: 3
Compressed class space size: 1073741824 Address: 0x00000008011a0000

Heap:
 garbage-first heap   total 262144K, used 57230K [0x0000000700e00000, 0x0000000800000000)
  region size 1024K, 29 young (29696K), 3 survivors (3072K)
 Metaspace       used 9751K, capacity 10036K, committed 10240K, reserved 1058816K
  class space    used 1047K, capacity 1178K, committed 1280K, reserved 1048576K
Heap Regions: E=young(eden), S=young(survivor), O=old, HS=humongous(starts), HC=humongous(continues), CS=collection set, F=free, A=archive, TAMS=top-at-mark-start (previous, next)
|   0|0x0000000700e00000, 0x0000000700f00000, 0x0000000700f00000|100%|HS|  |TAMS 0x0000000700e00000, 0x0000000700e00000| Complete 
|   1|0x0000000700f00000, 0x0000000701000000, 0x0000000701000000|100%|HS|  |TAMS 0x0000000700f00000, 0x0000000700f00000| Complete 
|   2|0x0000000701000000, 0x0000000701100000, 0x0000000701100000|100%|HC|  |TAMS 0x0000000701000000, 0x0000000701000000| Complete 
|   3|0x0000000701100000, 0x0000000701200000, 0x0000000701200000|100%| O|  |TAMS 0x0000000701100000, 0x0000000701100000| Untracked 
|   4|0x0000000701200000, 0x00000007012e3800, 0x0000000701300000| 88%| O|  |TAMS 0x0000000701200000, 0x0000000701200000| Untracked 
|   5|0x0000000701300000, 0x0000000701400000, 0x0000000701400000|100%|HS|  |TAMS 0x0000000701300000, 0x0000000701300000| Complete 
|   6|0x0000000701400000, 0x0000000701500000, 0x0000000701500000|100%|HC|  |TAMS 0x0000000701400000, 0x0000000701400000| Complete 
|   7|0x0000000701500000, 0x0000000701600000, 0x0000000701600000|100%|HC|  |TAMS 0x0000000701500000, 0x0000000701500000| Complete 
|   8|0x0000000701600000, 0x0000000701700000, 0x0000000701700000|100%|HC|  |TAMS 0x0000000701600000, 0x0000000701600000| Complete 
|   9|0x0000000701700000, 0x0000000701800000, 0x0000000701800000|100%|HS|  |TAMS 0x0000000701700000, 0x0000000701700000| Complete 
|  10|0x0000000701800000, 0x0000000701900000, 0x0000000701900000|100%|HC|  |TAMS 0x0000000701800000, 0x0000000701800000| Complete 
|  11|0x0000000701900000, 0x0000000701a00000, 0x0000000701a00000|100%|HC|  |TAMS 0x0000000701900000, 0x0000000701900000| Complete 
|  12|0x0000000701a00000, 0x0000000701b00000, 0x0000000701b00000|100%|HC|  |TAMS 0x0000000701a00000, 0x0000000701a00000| Complete 
|  13|0x0000000701b00000, 0x0000000701c00000, 0x0000000701c00000|100%|HS|  |TAMS 0x0000000701b00000, 0x0000000701b00000| Complete 
|  14|0x0000000701c00000, 0x0000000701d00000, 0x0000000701d00000|100%|HS|  |TAMS 0x0000000701c00000, 0x0000000701c00000| Complete 
|  15|0x0000000701d00000, 0x0000000701e00000, 0x0000000701e00000|100%|HC|  |TAMS 0x0000000701d00000, 0x0000000701d00000| Complete 
|  16|0x0000000701e00000, 0x0000000701f00000, 0x0000000701f00000|100%|HS|  |TAMS 0x0000000701e00000, 0x0000000701e00000| Complete 
|  17|0x0000000701f00000, 0x0000000702000000, 0x0000000702000000|100%|HC|  |TAMS 0x0000000701f00000, 0x0000000701f00000| Complete 
|  18|0x0000000702000000, 0x0000000702100000, 0x0000000702100000|100%|HC|  |TAMS 0x0000000702000000, 0x0000000702000000| Complete 
|  19|0x0000000702100000, 0x0000000702200000, 0x0000000702200000|100%|HS|  |TAMS 0x0000000702100000, 0x0000000702100000| Complete 
|  20|0x0000000702200000, 0x0000000702300000, 0x0000000702300000|100%|HC|  |TAMS 0x0000000702200000, 0x0000000702200000| Complete 
|  21|0x0000000702300000, 0x0000000702400000, 0x0000000702400000|100%|HC|  |TAMS 0x0000000702300000, 0x0000000702300000| Complete 
|  22|0x0000000702400000, 0x0000000702500000, 0x0000000702500000|100%|HC|  |TAMS 0x0000000702400000, 0x0000000702400000| Complete 
|  23|0x0000000702500000, 0x0000000702600000, 0x0000000702600000|100%|HC|  |TAMS 0x0000000702500000, 0x0000000702500000| Complete 
|  24|0x0000000702600000, 0x0000000702700000, 0x0000000702700000|100%|HC|  |TAMS 0x0000000702600000, 0x0000000702600000| Complete 
|  25|0x0000000702700000, 0x0000000702800000, 0x0000000702800000|100%|HS|  |TAMS 0x0000000702700000, 0x0000000702700000| Complete 
|  26|0x0000000702800000, 0x0000000702900000, 0x0000000702900000|100%|HC|  |TAMS 0x0000000702800000, 0x0000000702800000| Complete 
|  27|0x0000000702900000, 0x0000000702a00000, 0x0000000702a00000|100%|HC|  |TAMS 0x0000000702900000, 0x0000000702900000| Complete 
|  28|0x0000000702a00000, 0x0000000702a00000, 0x0000000702b00000|  0%| F|  |TAMS 0x0000000702a00000, 0x0000000702a00000| Untracked 
|  29|0x0000000702b00000, 0x0000000702b00000, 0x0000000702c00000|  0%| F|  |TAMS 0x0000000702b00000, 0x0000000702b00000| Untracked 
|  30|0x0000000702c00000, 0x0000000702c00000, 0x0000000702d00000|  0%| F|  |TAMS 0x0000000702c00000, 0x0000000702c00000| Untracked 
|  31|0x0000000702d00000, 0x0000000702d00000, 0x0000000702e00000|  0%| F|  |TAMS 0x0000000702d00000, 0x0000000702d00000| Untracked 
|  32|0x0000000702e00000, 0x0000000702e00000, 0x0000000702f00000|  0%| F|  |TAMS 0x0000000702e00000, 0x0000000702e00000| Untracked 
|  33|0x0000000702f00000, 0x0000000702f00000, 0x0000000703000000|  0%| F|  |TAMS 0x0000000702f00000, 0x0000000702f00000| Untracked 
|  34|0x0000000703000000, 0x0000000703000000, 0x0000000703100000|  0%| F|  |TAMS 0x0000000703000000, 0x0000000703000000| Untracked 
|  35|0x0000000703100000, 0x0000000703100000, 0x0000000703200000|  0%| F|  |TAMS 0x0000000703100000, 0x0000000703100000| Untracked 
|  36|0x0000000703200000, 0x0000000703200000, 0x0000000703300000|  0%| F|  |TAMS 0x0000000703200000, 0x0000000703200000| Untracked 
|  37|0x0000000703300000, 0x0000000703300000, 0x0000000703400000|  0%| F|  |TAMS 0x0000000703300000, 0x0000000703300000| Untracked 
|  38|0x0000000703400000, 0x0000000703400000, 0x0000000703500000|  0%| F|  |TAMS 0x0000000703400000, 0x0000000703400000| Untracked 
|  39|0x0000000703500000, 0x0000000703500000, 0x0000000703600000|  0%| F|  |TAMS 0x0000000703500000, 0x0000000703500000| Untracked 
|  40|0x0000000703600000, 0x0000000703600000, 0x0000000703700000|  0%| F|  |TAMS 0x0000000703600000, 0x0000000703600000| Untracked 
|  41|0x0000000703700000, 0x0000000703700000, 0x0000000703800000|  0%| F|  |TAMS 0x0000000703700000, 0x0000000703700000| Untracked 
|  42|0x0000000703800000, 0x0000000703800000, 0x0000000703900000|  0%| F|  |TAMS 0x0000000703800000, 0x0000000703800000| Untracked 
|  43|0x0000000703900000, 0x0000000703900000, 0x0000000703a00000|  0%| F|  |TAMS 0x0000000703900000, 0x0000000703900000| Untracked 
|  44|0x0000000703a00000, 0x0000000703a00000, 0x0000000703b00000|  0%| F|  |TAMS 0x0000000703a00000, 0x0000000703a00000| Untracked 
|  45|0x0000000703b00000, 0x0000000703b00000, 0x0000000703c00000|  0%| F|  |TAMS 0x0000000703b00000, 0x0000000703b00000| Untracked 
|  46|0x0000000703c00000, 0x0000000703c00000, 0x0000000703d00000|  0%| F|  |TAMS 0x0000000703c00000, 0x0000000703c00000| Untracked 
|  47|0x0000000703d00000, 0x0000000703d00000, 0x0000000703e00000|  0%| F|  |TAMS 0x0000000703d00000, 0x0000000703d00000| Untracked 
|  48|0x0000000703e00000, 0x0000000703e00000, 0x0000000703f00000|  0%| F|  |TAMS 0x0000000703e00000, 0x0000000703e00000| Untracked 
|  49|0x0000000703f00000, 0x0000000703f00000, 0x0000000704000000|  0%| F|  |TAMS 0x0000000703f00000, 0x0000000703f00000| Untracked 
|  50|0x0000000704000000, 0x0000000704000000, 0x0000000704100000|  0%| F|  |TAMS 0x0000000704000000, 0x0000000704000000| Untracked 
|  51|0x0000000704100000, 0x0000000704100000, 0x0000000704200000|  0%| F|  |TAMS 0x0000000704100000, 0x0000000704100000| Untracked 
|  52|0x0000000704200000, 0x0000000704200000, 0x0000000704300000|  0%| F|  |TAMS 0x0000000704200000, 0x0000000704200000| Untracked 
|  53|0x0000000704300000, 0x0000000704300000, 0x0000000704400000|  0%| F|  |TAMS 0x0000000704300000, 0x0000000704300000| Untracked 
|  54|0x0000000704400000, 0x0000000704400000, 0x0000000704500000|  0%| F|  |TAMS 0x0000000704400000, 0x0000000704400000| Untracked 
|  55|0x0000000704500000, 0x0000000704500000, 0x0000000704600000|  0%| F|  |TAMS 0x0000000704500000, 0x0000000704500000| Untracked 
|  56|0x0000000704600000, 0x0000000704600000, 0x0000000704700000|  0%| F|  |TAMS 0x0000000704600000, 0x0000000704600000| Untracked 
|  57|0x0000000704700000, 0x0000000704700000, 0x0000000704800000|  0%| F|  |TAMS 0x0000000704700000, 0x0000000704700000| Untracked 
|  58|0x0000000704800000, 0x0000000704800000, 0x0000000704900000|  0%| F|  |TAMS 0x0000000704800000, 0x0000000704800000| Untracked 
|  59|0x0000000704900000, 0x0000000704900000, 0x0000000704a00000|  0%| F|  |TAMS 0x0000000704900000, 0x0000000704900000| Untracked 
|  60|0x0000000704a00000, 0x0000000704a00000, 0x0000000704b00000|  0%| F|  |TAMS 0x0000000704a00000, 0x0000000704a00000| Untracked 
|  61|0x0000000704b00000, 0x0000000704b00000, 0x0000000704c00000|  0%| F|  |TAMS 0x0000000704b00000, 0x0000000704b00000| Untracked 
|  62|0x0000000704c00000, 0x0000000704c00000, 0x0000000704d00000|  0%| F|  |TAMS 0x0000000704c00000, 0x0000000704c00000| Untracked 
|  63|0x0000000704d00000, 0x0000000704d00000, 0x0000000704e00000|  0%| F|  |TAMS 0x0000000704d00000, 0x0000000704d00000| Untracked 
|  64|0x0000000704e00000, 0x0000000704e00000, 0x0000000704f00000|  0%| F|  |TAMS 0x0000000704e00000, 0x0000000704e00000| Untracked 
|  65|0x0000000704f00000, 0x0000000704f00000, 0x0000000705000000|  0%| F|  |TAMS 0x0000000704f00000, 0x0000000704f00000| Untracked 
|  66|0x0000000705000000, 0x0000000705000000, 0x0000000705100000|  0%| F|  |TAMS 0x0000000705000000, 0x0000000705000000| Untracked 
|  67|0x0000000705100000, 0x0000000705100000, 0x0000000705200000|  0%| F|  |TAMS 0x0000000705100000, 0x0000000705100000| Untracked 
|  68|0x0000000705200000, 0x0000000705200000, 0x0000000705300000|  0%| F|  |TAMS 0x0000000705200000, 0x0000000705200000| Untracked 
|  69|0x0000000705300000, 0x0000000705300000, 0x0000000705400000|  0%| F|  |TAMS 0x0000000705300000, 0x0000000705300000| Untracked 
|  70|0x0000000705400000, 0x0000000705400000, 0x0000000705500000|  0%| F|  |TAMS 0x0000000705400000, 0x0000000705400000| Untracked 
|  71|0x0000000705500000, 0x0000000705500000, 0x0000000705600000|  0%| F|  |TAMS 0x0000000705500000, 0x0000000705500000| Untracked 
|  72|0x0000000705600000, 0x0000000705600000, 0x0000000705700000|  0%| F|  |TAMS 0x0000000705600000, 0x0000000705600000| Untracked 
|  73|0x0000000705700000, 0x0000000705700000, 0x0000000705800000|  0%| F|  |TAMS 0x0000000705700000, 0x0000000705700000| Untracked 
|  74|0x0000000705800000, 0x0000000705800000, 0x0000000705900000|  0%| F|  |TAMS 0x0000000705800000, 0x0000000705800000| Untracked 
|  75|0x0000000705900000, 0x0000000705900000, 0x0000000705a00000|  0%| F|  |TAMS 0x0000000705900000, 0x0000000705900000| Untracked 
|  76|0x0000000705a00000, 0x0000000705a00000, 0x0000000705b00000|  0%| F|  |TAMS 0x0000000705a00000, 0x0000000705a00000| Untracked 
|  77|0x0000000705b00000, 0x0000000705b00000, 0x0000000705c00000|  0%| F|  |TAMS 0x0000000705b00000, 0x0000000705b00000| Untracked 
|  78|0x0000000705c00000, 0x0000000705c00000, 0x0000000705d00000|  0%| F|  |TAMS 0x0000000705c00000, 0x0000000705c00000| Untracked 
|  79|0x0000000705d00000, 0x0000000705d00000, 0x0000000705e00000|  0%| F|  |TAMS 0x0000000705d00000, 0x0000000705d00000| Untracked 
|  80|0x0000000705e00000, 0x0000000705e00000, 0x0000000705f00000|  0%| F|  |TAMS 0x0000000705e00000, 0x0000000705e00000| Untracked 
|  81|0x0000000705f00000, 0x0000000705f00000, 0x0000000706000000|  0%| F|  |TAMS 0x0000000705f00000, 0x0000000705f00000| Untracked 
|  82|0x0000000706000000, 0x0000000706000000, 0x0000000706100000|  0%| F|  |TAMS 0x0000000706000000, 0x0000000706000000| Untracked 
|  83|0x0000000706100000, 0x0000000706100000, 0x0000000706200000|  0%| F|  |TAMS 0x0000000706100000, 0x0000000706100000| Untracked 
|  84|0x0000000706200000, 0x0000000706200000, 0x0000000706300000|  0%| F|  |TAMS 0x0000000706200000, 0x0000000706200000| Untracked 
|  85|0x0000000706300000, 0x0000000706300000, 0x0000000706400000|  0%| F|  |TAMS 0x0000000706300000, 0x0000000706300000| Untracked 
|  86|0x0000000706400000, 0x0000000706400000, 0x0000000706500000|  0%| F|  |TAMS 0x0000000706400000, 0x0000000706400000| Untracked 
|  87|0x0000000706500000, 0x0000000706500000, 0x0000000706600000|  0%| F|  |TAMS 0x0000000706500000, 0x0000000706500000| Untracked 
|  88|0x0000000706600000, 0x0000000706600000, 0x0000000706700000|  0%| F|  |TAMS 0x0000000706600000, 0x0000000706600000| Untracked 
|  89|0x0000000706700000, 0x0000000706700000, 0x0000000706800000|  0%| F|  |TAMS 0x0000000706700000, 0x0000000706700000| Untracked 
|  90|0x0000000706800000, 0x0000000706800000, 0x0000000706900000|  0%| F|  |TAMS 0x0000000706800000, 0x0000000706800000| Untracked 
|  91|0x0000000706900000, 0x0000000706900000, 0x0000000706a00000|  0%| F|  |TAMS 0x0000000706900000, 0x0000000706900000| Untracked 
|  92|0x0000000706a00000, 0x0000000706a00000, 0x0000000706b00000|  0%| F|  |TAMS 0x0000000706a00000, 0x0000000706a00000| Untracked 
|  93|0x0000000706b00000, 0x0000000706b00000, 0x0000000706c00000|  0%| F|  |TAMS 0x0000000706b00000, 0x0000000706b00000| Untracked 
|  94|0x0000000706c00000, 0x0000000706c00000, 0x0000000706d00000|  0%| F|  |TAMS 0x0000000706c00000, 0x0000000706c00000| Untracked 
|  95|0x0000000706d00000, 0x0000000706d00000, 0x0000000706e00000|  0%| F|  |TAMS 0x0000000706d00000, 0x0000000706d00000| Untracked 
|  96|0x0000000706e00000, 0x0000000706e00000, 0x0000000706f00000|  0%| F|  |TAMS 0x0000000706e00000, 0x0000000706e00000| Untracked 
|  97|0x0000000706f00000, 0x0000000706f00000, 0x0000000707000000|  0%| F|  |TAMS 0x0000000706f00000, 0x0000000706f00000| Untracked 
|  98|0x0000000707000000, 0x0000000707000000, 0x0000000707100000|  0%| F|  |TAMS 0x0000000707000000, 0x0000000707000000| Untracked 
|  99|0x0000000707100000, 0x0000000707100000, 0x0000000707200000|  0%| F|  |TAMS 0x0000000707100000, 0x0000000707100000| Untracked 
| 100|0x0000000707200000, 0x0000000707200000, 0x0000000707300000|  0%| F|  |TAMS 0x0000000707200000, 0x0000000707200000| Untracked 
| 101|0x0000000707300000, 0x0000000707300000, 0x0000000707400000|  0%| F|  |TAMS 0x0000000707300000, 0x0000000707300000| Untracked 
| 102|0x0000000707400000, 0x0000000707400000, 0x0000000707500000|  0%| F|  |TAMS 0x0000000707400000, 0x0000000707400000| Untracked 
| 103|0x0000000707500000, 0x0000000707500000, 0x0000000707600000|  0%| F|  |TAMS 0x0000000707500000, 0x0000000707500000| Untracked 
| 104|0x0000000707600000, 0x0000000707600000, 0x0000000707700000|  0%| F|  |TAMS 0x0000000707600000, 0x0000000707600000| Untracked 
| 105|0x0000000707700000, 0x0000000707700000, 0x0000000707800000|  0%| F|  |TAMS 0x0000000707700000, 0x0000000707700000| Untracked 
| 106|0x0000000707800000, 0x0000000707800000, 0x0000000707900000|  0%| F|  |TAMS 0x0000000707800000, 0x0000000707800000| Untracked 
| 107|0x0000000707900000, 0x0000000707900000, 0x0000000707a00000|  0%| F|  |TAMS 0x0000000707900000, 0x0000000707900000| Untracked 
| 108|0x0000000707a00000, 0x0000000707a00000, 0x0000000707b00000|  0%| F|  |TAMS 0x0000000707a00000, 0x0000000707a00000| Untracked 
| 109|0x0000000707b00000, 0x0000000707b00000, 0x0000000707c00000|  0%| F|  |TAMS 0x0000000707b00000, 0x0000000707b00000| Untracked 
| 110|0x0000000707c00000, 0x0000000707c00000, 0x0000000707d00000|  0%| F|  |TAMS 0x0000000707c00000, 0x0000000707c00000| Untracked 
| 111|0x0000000707d00000, 0x0000000707d00000, 0x0000000707e00000|  0%| F|  |TAMS 0x0000000707d00000, 0x0000000707d00000| Untracked 
| 112|0x0000000707e00000, 0x0000000707e00000, 0x0000000707f00000|  0%| F|  |TAMS 0x0000000707e00000, 0x0000000707e00000| Untracked 
| 113|0x0000000707f00000, 0x0000000707f00000, 0x0000000708000000|  0%| F|  |TAMS 0x0000000707f00000, 0x0000000707f00000| Untracked 
| 114|0x0000000708000000, 0x0000000708000000, 0x0000000708100000|  0%| F|  |TAMS 0x0000000708000000, 0x0000000708000000| Untracked 
| 115|0x0000000708100000, 0x0000000708100000, 0x0000000708200000|  0%| F|  |TAMS 0x0000000708100000, 0x0000000708100000| Untracked 
| 116|0x0000000708200000, 0x0000000708200000, 0x0000000708300000|  0%| F|  |TAMS 0x0000000708200000, 0x0000000708200000| Untracked 
| 117|0x0000000708300000, 0x0000000708300000, 0x0000000708400000|  0%| F|  |TAMS 0x0000000708300000, 0x0000000708300000| Untracked 
| 118|0x0000000708400000, 0x0000000708400000, 0x0000000708500000|  0%| F|  |TAMS 0x0000000708400000, 0x0000000708400000| Untracked 
| 119|0x0000000708500000, 0x0000000708500000, 0x0000000708600000|  0%| F|  |TAMS 0x0000000708500000, 0x0000000708500000| Untracked 
| 120|0x0000000708600000, 0x0000000708600000, 0x0000000708700000|  0%| F|  |TAMS 0x0000000708600000, 0x0000000708600000| Untracked 
| 121|0x0000000708700000, 0x0000000708700000, 0x0000000708800000|  0%| F|  |TAMS 0x0000000708700000, 0x0000000708700000| Untracked 
| 122|0x0000000708800000, 0x0000000708800000, 0x0000000708900000|  0%| F|  |TAMS 0x0000000708800000, 0x0000000708800000| Untracked 
| 123|0x0000000708900000, 0x0000000708900000, 0x0000000708a00000|  0%| F|  |TAMS 0x0000000708900000, 0x0000000708900000| Untracked 
| 124|0x0000000708a00000, 0x0000000708a00000, 0x0000000708b00000|  0%| F|  |TAMS 0x0000000708a00000, 0x0000000708a00000| Untracked 
| 125|0x0000000708b00000, 0x0000000708b00000, 0x0000000708c00000|  0%| F|  |TAMS 0x0000000708b00000, 0x0000000708b00000| Untracked 
| 126|0x0000000708c00000, 0x0000000708c00000, 0x0000000708d00000|  0%| F|  |TAMS 0x0000000708c00000, 0x0000000708c00000| Untracked 
| 127|0x0000000708d00000, 0x0000000708d00000, 0x0000000708e00000|  0%| F|  |TAMS 0x0000000708d00000, 0x0000000708d00000| Untracked 
| 128|0x0000000708e00000, 0x0000000708e00000, 0x0000000708f00000|  0%| F|  |TAMS 0x0000000708e00000, 0x0000000708e00000| Untracked 
| 129|0x0000000708f00000, 0x0000000708f00000, 0x0000000709000000|  0%| F|  |TAMS 0x0000000708f00000, 0x0000000708f00000| Untracked 
| 130|0x0000000709000000, 0x0000000709000000, 0x0000000709100000|  0%| F|  |TAMS 0x0000000709000000, 0x0000000709000000| Untracked 
| 131|0x0000000709100000, 0x0000000709100000, 0x0000000709200000|  0%| F|  |TAMS 0x0000000709100000, 0x0000000709100000| Untracked 
| 132|0x0000000709200000, 0x0000000709200000, 0x0000000709300000|  0%| F|  |TAMS 0x0000000709200000, 0x0000000709200000| Untracked 
| 133|0x0000000709300000, 0x0000000709300000, 0x0000000709400000|  0%| F|  |TAMS 0x0000000709300000, 0x0000000709300000| Untracked 
| 134|0x0000000709400000, 0x0000000709400000, 0x0000000709500000|  0%| F|  |TAMS 0x0000000709400000, 0x0000000709400000| Untracked 
| 135|0x0000000709500000, 0x0000000709500000, 0x0000000709600000|  0%| F|  |TAMS 0x0000000709500000, 0x0000000709500000| Untracked 
| 136|0x0000000709600000, 0x0000000709600000, 0x0000000709700000|  0%| F|  |TAMS 0x0000000709600000, 0x0000000709600000| Untracked 
| 137|0x0000000709700000, 0x0000000709700000, 0x0000000709800000|  0%| F|  |TAMS 0x0000000709700000, 0x0000000709700000| Untracked 
| 138|0x0000000709800000, 0x0000000709800000, 0x0000000709900000|  0%| F|  |TAMS 0x0000000709800000, 0x0000000709800000| Untracked 
| 139|0x0000000709900000, 0x0000000709900000, 0x0000000709a00000|  0%| F|  |TAMS 0x0000000709900000, 0x0000000709900000| Untracked 
| 140|0x0000000709a00000, 0x0000000709a00000, 0x0000000709b00000|  0%| F|  |TAMS 0x0000000709a00000, 0x0000000709a00000| Untracked 
| 141|0x0000000709b00000, 0x0000000709b00000, 0x0000000709c00000|  0%| F|  |TAMS 0x0000000709b00000, 0x0000000709b00000| Untracked 
| 142|0x0000000709c00000, 0x0000000709c00000, 0x0000000709d00000|  0%| F|  |TAMS 0x0000000709c00000, 0x0000000709c00000| Untracked 
| 143|0x0000000709d00000, 0x0000000709d00000, 0x0000000709e00000|  0%| F|  |TAMS 0x0000000709d00000, 0x0000000709d00000| Untracked 
| 144|0x0000000709e00000, 0x0000000709e00000, 0x0000000709f00000|  0%| F|  |TAMS 0x0000000709e00000, 0x0000000709e00000| Untracked 
| 145|0x0000000709f00000, 0x0000000709f00000, 0x000000070a000000|  0%| F|  |TAMS 0x0000000709f00000, 0x0000000709f00000| Untracked 
| 146|0x000000070a000000, 0x000000070a000000, 0x000000070a100000|  0%| F|  |TAMS 0x000000070a000000, 0x000000070a000000| Untracked 
| 147|0x000000070a100000, 0x000000070a100000, 0x000000070a200000|  0%| F|  |TAMS 0x000000070a100000, 0x000000070a100000| Untracked 
| 148|0x000000070a200000, 0x000000070a200000, 0x000000070a300000|  0%| F|  |TAMS 0x000000070a200000, 0x000000070a200000| Untracked 
| 149|0x000000070a300000, 0x000000070a300000, 0x000000070a400000|  0%| F|  |TAMS 0x000000070a300000, 0x000000070a300000| Untracked 
| 150|0x000000070a400000, 0x000000070a400000, 0x000000070a500000|  0%| F|  |TAMS 0x000000070a400000, 0x000000070a400000| Untracked 
| 151|0x000000070a500000, 0x000000070a500000, 0x000000070a600000|  0%| F|  |TAMS 0x000000070a500000, 0x000000070a500000| Untracked 
| 152|0x000000070a600000, 0x000000070a600000, 0x000000070a700000|  0%| F|  |TAMS 0x000000070a600000, 0x000000070a600000| Untracked 
| 153|0x000000070a700000, 0x000000070a700000, 0x000000070a800000|  0%| F|  |TAMS 0x000000070a700000, 0x000000070a700000| Untracked 
| 154|0x000000070a800000, 0x000000070a800000, 0x000000070a900000|  0%| F|  |TAMS 0x000000070a800000, 0x000000070a800000| Untracked 
| 155|0x000000070a900000, 0x000000070a900000, 0x000000070aa00000|  0%| F|  |TAMS 0x000000070a900000, 0x000000070a900000| Untracked 
| 156|0x000000070aa00000, 0x000000070aa00000, 0x000000070ab00000|  0%| F|  |TAMS 0x000000070aa00000, 0x000000070aa00000| Untracked 
| 157|0x000000070ab00000, 0x000000070ab00000, 0x000000070ac00000|  0%| F|  |TAMS 0x000000070ab00000, 0x000000070ab00000| Untracked 
| 158|0x000000070ac00000, 0x000000070ac00000, 0x000000070ad00000|  0%| F|  |TAMS 0x000000070ac00000, 0x000000070ac00000| Untracked 
| 159|0x000000070ad00000, 0x000000070ad00000, 0x000000070ae00000|  0%| F|  |TAMS 0x000000070ad00000, 0x000000070ad00000| Untracked 
| 160|0x000000070ae00000, 0x000000070ae00000, 0x000000070af00000|  0%| F|  |TAMS 0x000000070ae00000, 0x000000070ae00000| Untracked 
| 161|0x000000070af00000, 0x000000070af00000, 0x000000070b000000|  0%| F|  |TAMS 0x000000070af00000, 0x000000070af00000| Untracked 
| 162|0x000000070b000000, 0x000000070b000000, 0x000000070b100000|  0%| F|  |TAMS 0x000000070b000000, 0x000000070b000000| Untracked 
| 163|0x000000070b100000, 0x000000070b100000, 0x000000070b200000|  0%| F|  |TAMS 0x000000070b100000, 0x000000070b100000| Untracked 
| 164|0x000000070b200000, 0x000000070b200000, 0x000000070b300000|  0%| F|  |TAMS 0x000000070b200000, 0x000000070b200000| Untracked 
| 165|0x000000070b300000, 0x000000070b300000, 0x000000070b400000|  0%| F|  |TAMS 0x000000070b300000, 0x000000070b300000| Untracked 
| 166|0x000000070b400000, 0x000000070b400000, 0x000000070b500000|  0%| F|  |TAMS 0x000000070b400000, 0x000000070b400000| Untracked 
| 167|0x000000070b500000, 0x000000070b500000, 0x000000070b600000|  0%| F|  |TAMS 0x000000070b500000, 0x000000070b500000| Untracked 
| 168|0x000000070b600000, 0x000000070b600000, 0x000000070b700000|  0%| F|  |TAMS 0x000000070b600000, 0x000000070b600000| Untracked 
| 169|0x000000070b700000, 0x000000070b700000, 0x000000070b800000|  0%| F|  |TAMS 0x000000070b700000, 0x000000070b700000| Untracked 
| 170|0x000000070b800000, 0x000000070b800000, 0x000000070b900000|  0%| F|  |TAMS 0x000000070b800000, 0x000000070b800000| Untracked 
| 171|0x000000070b900000, 0x000000070b900000, 0x000000070ba00000|  0%| F|  |TAMS 0x000000070b900000, 0x000000070b900000| Untracked 
| 172|0x000000070ba00000, 0x000000070ba00000, 0x000000070bb00000|  0%| F|  |TAMS 0x000000070ba00000, 0x000000070ba00000| Untracked 
| 173|0x000000070bb00000, 0x000000070bb00000, 0x000000070bc00000|  0%| F|  |TAMS 0x000000070bb00000, 0x000000070bb00000| Untracked 
| 174|0x000000070bc00000, 0x000000070bc00000, 0x000000070bd00000|  0%| F|  |TAMS 0x000000070bc00000, 0x000000070bc00000| Untracked 
| 175|0x000000070bd00000, 0x000000070bd00000, 0x000000070be00000|  0%| F|  |TAMS 0x000000070bd00000, 0x000000070bd00000| Untracked 
| 176|0x000000070be00000, 0x000000070be00000, 0x000000070bf00000|  0%| F|  |TAMS 0x000000070be00000, 0x000000070be00000| Untracked 
| 177|0x000000070bf00000, 0x000000070bf00000, 0x000000070c000000|  0%| F|  |TAMS 0x000000070bf00000, 0x000000070bf00000| Untracked 
| 178|0x000000070c000000, 0x000000070c000000, 0x000000070c100000|  0%| F|  |TAMS 0x000000070c000000, 0x000000070c000000| Untracked 
| 179|0x000000070c100000, 0x000000070c100000, 0x000000070c200000|  0%| F|  |TAMS 0x000000070c100000, 0x000000070c100000| Untracked 
| 180|0x000000070c200000, 0x000000070c200000, 0x000000070c300000|  0%| F|  |TAMS 0x000000070c200000, 0x000000070c200000| Untracked 
| 181|0x000000070c300000, 0x000000070c300000, 0x000000070c400000|  0%| F|  |TAMS 0x000000070c300000, 0x000000070c300000| Untracked 
| 182|0x000000070c400000, 0x000000070c400000, 0x000000070c500000|  0%| F|  |TAMS 0x000000070c400000, 0x000000070c400000| Untracked 
| 183|0x000000070c500000, 0x000000070c500000, 0x000000070c600000|  0%| F|  |TAMS 0x000000070c500000, 0x000000070c500000| Untracked 
| 184|0x000000070c600000, 0x000000070c600000, 0x000000070c700000|  0%| F|  |TAMS 0x000000070c600000, 0x000000070c600000| Untracked 
| 185|0x000000070c700000, 0x000000070c700000, 0x000000070c800000|  0%| F|  |TAMS 0x000000070c700000, 0x000000070c700000| Untracked 
| 186|0x000000070c800000, 0x000000070c800000, 0x000000070c900000|  0%| F|  |TAMS 0x000000070c800000, 0x000000070c800000| Untracked 
| 187|0x000000070c900000, 0x000000070c900000, 0x000000070ca00000|  0%| F|  |TAMS 0x000000070c900000, 0x000000070c900000| Untracked 
| 188|0x000000070ca00000, 0x000000070ca00000, 0x000000070cb00000|  0%| F|  |TAMS 0x000000070ca00000, 0x000000070ca00000| Untracked 
| 189|0x000000070cb00000, 0x000000070cb00000, 0x000000070cc00000|  0%| F|  |TAMS 0x000000070cb00000, 0x000000070cb00000| Untracked 
| 190|0x000000070cc00000, 0x000000070cc00000, 0x000000070cd00000|  0%| F|  |TAMS 0x000000070cc00000, 0x000000070cc00000| Untracked 
| 191|0x000000070cd00000, 0x000000070cd00000, 0x000000070ce00000|  0%| F|  |TAMS 0x000000070cd00000, 0x000000070cd00000| Untracked 
| 192|0x000000070ce00000, 0x000000070ce00000, 0x000000070cf00000|  0%| F|  |TAMS 0x000000070ce00000, 0x000000070ce00000| Untracked 
| 193|0x000000070cf00000, 0x000000070cf00000, 0x000000070d000000|  0%| F|  |TAMS 0x000000070cf00000, 0x000000070cf00000| Untracked 
| 194|0x000000070d000000, 0x000000070d000000, 0x000000070d100000|  0%| F|  |TAMS 0x000000070d000000, 0x000000070d000000| Untracked 
| 195|0x000000070d100000, 0x000000070d100000, 0x000000070d200000|  0%| F|  |TAMS 0x000000070d100000, 0x000000070d100000| Untracked 
| 196|0x000000070d200000, 0x000000070d200000, 0x000000070d300000|  0%| F|  |TAMS 0x000000070d200000, 0x000000070d200000| Untracked 
| 197|0x000000070d300000, 0x000000070d300000, 0x000000070d400000|  0%| F|  |TAMS 0x000000070d300000, 0x000000070d300000| Untracked 
| 198|0x000000070d400000, 0x000000070d400000, 0x000000070d500000|  0%| F|  |TAMS 0x000000070d400000, 0x000000070d400000| Untracked 
| 199|0x000000070d500000, 0x000000070d500000, 0x000000070d600000|  0%| F|  |TAMS 0x000000070d500000, 0x000000070d500000| Untracked 
| 200|0x000000070d600000, 0x000000070d600000, 0x000000070d700000|  0%| F|  |TAMS 0x000000070d600000, 0x000000070d600000| Untracked 
| 201|0x000000070d700000, 0x000000070d700000, 0x000000070d800000|  0%| F|  |TAMS 0x000000070d700000, 0x000000070d700000| Untracked 
| 202|0x000000070d800000, 0x000000070d800000, 0x000000070d900000|  0%| F|  |TAMS 0x000000070d800000, 0x000000070d800000| Untracked 
| 203|0x000000070d900000, 0x000000070d900000, 0x000000070da00000|  0%| F|  |TAMS 0x000000070d900000, 0x000000070d900000| Untracked 
| 204|0x000000070da00000, 0x000000070da00000, 0x000000070db00000|  0%| F|  |TAMS 0x000000070da00000, 0x000000070da00000| Untracked 
| 205|0x000000070db00000, 0x000000070db00000, 0x000000070dc00000|  0%| F|  |TAMS 0x000000070db00000, 0x000000070db00000| Untracked 
| 206|0x000000070dc00000, 0x000000070dc00000, 0x000000070dd00000|  0%| F|  |TAMS 0x000000070dc00000, 0x000000070dc00000| Untracked 
| 207|0x000000070dd00000, 0x000000070dd00000, 0x000000070de00000|  0%| F|  |TAMS 0x000000070dd00000, 0x000000070dd00000| Untracked 
| 208|0x000000070de00000, 0x000000070de00000, 0x000000070df00000|  0%| F|  |TAMS 0x000000070de00000, 0x000000070de00000| Untracked 
| 209|0x000000070df00000, 0x000000070df00000, 0x000000070e000000|  0%| F|  |TAMS 0x000000070df00000, 0x000000070df00000| Untracked 
| 210|0x000000070e000000, 0x000000070e000000, 0x000000070e100000|  0%| F|  |TAMS 0x000000070e000000, 0x000000070e000000| Untracked 
| 211|0x000000070e100000, 0x000000070e100000, 0x000000070e200000|  0%| F|  |TAMS 0x000000070e100000, 0x000000070e100000| Untracked 
| 212|0x000000070e200000, 0x000000070e200000, 0x000000070e300000|  0%| F|  |TAMS 0x000000070e200000, 0x000000070e200000| Untracked 
| 213|0x000000070e300000, 0x000000070e300000, 0x000000070e400000|  0%| F|  |TAMS 0x000000070e300000, 0x000000070e300000| Untracked 
| 214|0x000000070e400000, 0x000000070e400000, 0x000000070e500000|  0%| F|  |TAMS 0x000000070e400000, 0x000000070e400000| Untracked 
| 215|0x000000070e500000, 0x000000070e500000, 0x000000070e600000|  0%| F|  |TAMS 0x000000070e500000, 0x000000070e500000| Untracked 
| 216|0x000000070e600000, 0x000000070e600000, 0x000000070e700000|  0%| F|  |TAMS 0x000000070e600000, 0x000000070e600000| Untracked 
| 217|0x000000070e700000, 0x000000070e700000, 0x000000070e800000|  0%| F|  |TAMS 0x000000070e700000, 0x000000070e700000| Untracked 
| 218|0x000000070e800000, 0x000000070e800000, 0x000000070e900000|  0%| F|  |TAMS 0x000000070e800000, 0x000000070e800000| Untracked 
| 219|0x000000070e900000, 0x000000070e900000, 0x000000070ea00000|  0%| F|  |TAMS 0x000000070e900000, 0x000000070e900000| Untracked 
| 220|0x000000070ea00000, 0x000000070ea00000, 0x000000070eb00000|  0%| F|  |TAMS 0x000000070ea00000, 0x000000070ea00000| Untracked 
| 221|0x000000070eb00000, 0x000000070eb00000, 0x000000070ec00000|  0%| F|  |TAMS 0x000000070eb00000, 0x000000070eb00000| Untracked 
| 222|0x000000070ec00000, 0x000000070ec00000, 0x000000070ed00000|  0%| F|  |TAMS 0x000000070ec00000, 0x000000070ec00000| Untracked 
| 223|0x000000070ed00000, 0x000000070ed00000, 0x000000070ee00000|  0%| F|  |TAMS 0x000000070ed00000, 0x000000070ed00000| Untracked 
| 224|0x000000070ee00000, 0x000000070ee00000, 0x000000070ef00000|  0%| F|  |TAMS 0x000000070ee00000, 0x000000070ee00000| Untracked 
| 225|0x000000070ef00000, 0x000000070ef00000, 0x000000070f000000|  0%| F|  |TAMS 0x000000070ef00000, 0x000000070ef00000| Untracked 
| 226|0x000000070f000000, 0x000000070f000000, 0x000000070f100000|  0%| F|  |TAMS 0x000000070f000000, 0x000000070f000000| Untracked 
| 227|0x000000070f100000, 0x000000070f200000, 0x000000070f200000|100%| E|  |TAMS 0x000000070f100000, 0x000000070f100000| Complete 
| 228|0x000000070f200000, 0x000000070f300000, 0x000000070f300000|100%| E|CS|TAMS 0x000000070f200000, 0x000000070f200000| Complete 
| 229|0x000000070f300000, 0x000000070f400000, 0x000000070f400000|100%| S|CS|TAMS 0x000000070f300000, 0x000000070f300000| Complete 
| 230|0x000000070f400000, 0x000000070f500000, 0x000000070f500000|100%| S|CS|TAMS 0x000000070f400000, 0x000000070f400000| Complete 
| 231|0x000000070f500000, 0x000000070f600000, 0x000000070f600000|100%| S|CS|TAMS 0x000000070f500000, 0x000000070f500000| Complete 
| 232|0x000000070f600000, 0x000000070f700000, 0x000000070f700000|100%| E|CS|TAMS 0x000000070f600000, 0x000000070f600000| Complete 
| 233|0x000000070f700000, 0x000000070f800000, 0x000000070f800000|100%| E|CS|TAMS 0x000000070f700000, 0x000000070f700000| Complete 
| 234|0x000000070f800000, 0x000000070f900000, 0x000000070f900000|100%| E|CS|TAMS 0x000000070f800000, 0x000000070f800000| Complete 
| 235|0x000000070f900000, 0x000000070fa00000, 0x000000070fa00000|100%| E|CS|TAMS 0x000000070f900000, 0x000000070f900000| Complete 
| 236|0x000000070fa00000, 0x000000070fb00000, 0x000000070fb00000|100%| E|CS|TAMS 0x000000070fa00000, 0x000000070fa00000| Complete 
| 237|0x000000070fb00000, 0x000000070fc00000, 0x000000070fc00000|100%| E|CS|TAMS 0x000000070fb00000, 0x000000070fb00000| Complete 
| 238|0x000000070fc00000, 0x000000070fd00000, 0x000000070fd00000|100%| E|CS|TAMS 0x000000070fc00000, 0x000000070fc00000| Complete 
| 239|0x000000070fd00000, 0x000000070fe00000, 0x000000070fe00000|100%| E|CS|TAMS 0x000000070fd00000, 0x000000070fd00000| Complete 
| 240|0x000000070fe00000, 0x000000070ff00000, 0x000000070ff00000|100%| E|CS|TAMS 0x000000070fe00000, 0x000000070fe00000| Complete 
| 241|0x000000070ff00000, 0x0000000710000000, 0x0000000710000000|100%| E|CS|TAMS 0x000000070ff00000, 0x000000070ff00000| Complete 
| 242|0x0000000710000000, 0x0000000710100000, 0x0000000710100000|100%| E|CS|TAMS 0x0000000710000000, 0x0000000710000000| Complete 
| 243|0x0000000710100000, 0x0000000710200000, 0x0000000710200000|100%| E|CS|TAMS 0x0000000710100000, 0x0000000710100000| Complete 
| 244|0x0000000710200000, 0x0000000710300000, 0x0000000710300000|100%| E|CS|TAMS 0x0000000710200000, 0x0000000710200000| Complete 
| 245|0x0000000710300000, 0x0000000710400000, 0x0000000710400000|100%| E|CS|TAMS 0x0000000710300000, 0x0000000710300000| Complete 
| 246|0x0000000710400000, 0x0000000710500000, 0x0000000710500000|100%| E|CS|TAMS 0x0000000710400000, 0x0000000710400000| Complete 
| 247|0x0000000710500000, 0x0000000710600000, 0x0000000710600000|100%| E|CS|TAMS 0x0000000710500000, 0x0000000710500000| Complete 
| 248|0x0000000710600000, 0x0000000710700000, 0x0000000710700000|100%| E|CS|TAMS 0x0000000710600000, 0x0000000710600000| Complete 
| 249|0x0000000710700000, 0x0000000710800000, 0x0000000710800000|100%| E|CS|TAMS 0x0000000710700000, 0x0000000710700000| Complete 
| 250|0x0000000710800000, 0x0000000710900000, 0x0000000710900000|100%| E|CS|TAMS 0x0000000710800000, 0x0000000710800000| Complete 
| 251|0x0000000710900000, 0x0000000710a00000, 0x0000000710a00000|100%| E|CS|TAMS 0x0000000710900000, 0x0000000710900000| Complete 
| 252|0x0000000710a00000, 0x0000000710b00000, 0x0000000710b00000|100%| E|CS|TAMS 0x0000000710a00000, 0x0000000710a00000| Complete 
| 253|0x0000000710b00000, 0x0000000710c00000, 0x0000000710c00000|100%| E|CS|TAMS 0x0000000710b00000, 0x0000000710b00000| Complete 
| 254|0x0000000710c00000, 0x0000000710d00000, 0x0000000710d00000|100%| E|CS|TAMS 0x0000000710c00000, 0x0000000710c00000| Complete 
| 255|0x0000000710d00000, 0x0000000710e00000, 0x0000000710e00000|100%| E|CS|TAMS 0x0000000710d00000, 0x0000000710d00000| Complete 

Card table byte_map: [0x000001b51c5b0000,0x000001b51cdb0000] _byte_map_base: 0x000001b518da9000

Marking Bits (Prev, Next): (CMBitMap*) 0x000001b5046ce098, (CMBitMap*) 0x000001b5046ce0d8
 Prev Bits: [0x000001b51d5b0000, 0x000001b521578000)
 Next Bits: [0x000001b521580000, 0x000001b525548000)

Polling page: 0x000001b502820000

Metaspace:

Usage:
  Non-class:      8.65 MB capacity,     8.50 MB ( 98%) used,   125.81 KB (  1%) free+waste,    28.44 KB ( <1%) overhead. 
      Class:      1.15 MB capacity,     1.02 MB ( 89%) used,   114.02 KB ( 10%) free+waste,    16.63 KB (  1%) overhead. 
       Both:      9.80 MB capacity,     9.52 MB ( 97%) used,   239.84 KB (  2%) free+waste,    45.06 KB ( <1%) overhead. 

Virtual space:
  Non-class space:       10.00 MB reserved,       8.75 MB ( 88%) committed 
      Class space:        1.00 GB reserved,       1.25 MB ( <1%) committed 
             Both:        1.01 GB reserved,      10.00 MB ( <1%) committed 

Chunk freelists:
   Non-Class:  4.75 KB
       Class:  768 bytes
        Both:  5.50 KB

CodeHeap 'non-profiled nmethods': size=120000Kb used=641Kb max_used=641Kb free=119358Kb
 bounds [0x000001b514550000, 0x000001b5147c0000, 0x000001b51ba80000]
CodeHeap 'profiled nmethods': size=120000Kb used=3507Kb max_used=3507Kb free=116492Kb
 bounds [0x000001b50d020000, 0x000001b50d390000, 0x000001b514550000]
CodeHeap 'non-nmethods': size=5760Kb used=1234Kb max_used=1258Kb free=4525Kb
 bounds [0x000001b50ca80000, 0x000001b50ccf0000, 0x000001b50d020000]
 total_blobs=2471 nmethods=1511 adapters=509
 compilation: enabled
              stopped_count=0, restarted_count=0
 full_count=0

Compilation events (10 events):
Event: 1.950 Thread 0x000001b5280dc800 1513       3       sun.nio.ch.FileDispatcherImpl::seek (6 bytes)
Event: 1.950 Thread 0x000001b5280dc800 nmethod 1513 0x000001b50d387110 code [0x000001b50d3872e0, 0x000001b50d387490]
Event: 1.950 Thread 0x000001b5280dc800 1515   !   3       sun.nio.ch.FileChannelImpl::read (266 bytes)
Event: 1.951 Thread 0x000001b5280dc800 nmethod 1515 0x000001b50d387590 code [0x000001b50d3878c0, 0x000001b50d388a10]
Event: 1.951 Thread 0x000001b5280dc800 1516   !   3       sun.nio.ch.IOUtil::read (129 bytes)
Event: 1.952 Thread 0x000001b5280dc800 nmethod 1516 0x000001b50d389210 code [0x000001b50d3894a0, 0x000001b50d389df0]
Event: 1.952 Thread 0x000001b5280dc800 1517   !   3       sun.nio.ch.FileChannelImpl::position (258 bytes)
Event: 1.953 Thread 0x000001b5280dc800 nmethod 1517 0x000001b50d38a190 code [0x000001b50d38a4a0, 0x000001b50d38b5f0]
Event: 1.956 Thread 0x000001b5280dc800 1518       3       java.util.concurrent.locks.AbstractQueuedSynchronizer::unparkSuccessor (84 bytes)
Event: 1.958 Thread 0x000001b5280dc800 nmethod 1518 0x000001b50d38be10 code [0x000001b50d38c080, 0x000001b50d38cb40]

GC Heap History (2 events):
Event: 1.099 GC heap before
{Heap before GC invocations=0 (full 0):
 garbage-first heap   total 262144K, used 26624K [0x0000000700e00000, 0x0000000800000000)
  region size 1024K, 24 young (24576K), 0 survivors (0K)
 Metaspace       used 7896K, capacity 8227K, committed 8448K, reserved 1056768K
  class space    used 864K, capacity 1000K, committed 1024K, reserved 1048576K
}
Event: 1.104 GC heap after
{Heap after GC invocations=1 (full 0):
 garbage-first heap   total 262144K, used 8078K [0x0000000700e00000, 0x0000000800000000)
  region size 1024K, 3 young (3072K), 3 survivors (3072K)
 Metaspace       used 7896K, capacity 8227K, committed 8448K, reserved 1056768K
  class space    used 864K, capacity 1000K, committed 1024K, reserved 1048576K
}

Deoptimization events (10 events):
Event: 1.723 Thread 0x000001b52953a800 Uncommon trap: reason=unstable_if action=reinterpret pc=0x000001b5145cf8cc method=javazoom.jl.decoder.LayerIIIDecoder.antialias(II)V @ 21 c2
Event: 1.723 Thread 0x000001b52953a800 Uncommon trap: reason=unstable_if action=reinterpret pc=0x000001b5145d0578 method=javazoom.jl.decoder.LayerIIIDecoder.hybrid(II)V @ 32 c2
Event: 1.723 Thread 0x000001b52953a800 Uncommon trap: reason=unstable_if action=reinterpret pc=0x000001b5145be570 method=javazoom.jl.decoder.LayerIIIDecoder.hybrid(II)V @ 32 c2
Event: 1.724 Thread 0x000001b52953a800 Uncommon trap: reason=unstable_if action=reinterpret pc=0x000001b5145c77c8 method=javazoom.jl.decoder.LayerIIIDecoder.antialias(II)V @ 21 c2
Event: 1.724 Thread 0x000001b52953a800 Uncommon trap: reason=unstable_if action=reinterpret pc=0x000001b5145c22ac method=javazoom.jl.decoder.LayerIIIDecoder.hybrid(II)V @ 32 c2
Event: 1.724 Thread 0x000001b52953a800 Uncommon trap: reason=unstable_if action=reinterpret pc=0x000001b5145cdb24 method=javazoom.jl.decoder.LayerIIIDecoder.inv_mdct([F[FI)V @ 56 c2
Event: 1.775 Thread 0x000001b52953a800 Uncommon trap: reason=unstable_if action=reinterpret pc=0x000001b514595664 method=sun.awt.image.ByteComponentRaster.verify()V @ 188 c2
Event: 1.784 Thread 0x000001b52953a800 Uncommon trap: reason=unstable_if action=reinterpret pc=0x000001b51458ebf0 method=sun.awt.image.ByteInterleavedRaster.putByteData(IIII[B)V @ 395 c2
Event: 1.893 Thread 0x000001b52953a800 Uncommon trap: reason=unstable_if action=reinterpret pc=0x000001b514596b64 method=java.lang.CharacterData.of(I)Ljava/lang/CharacterData; @ 4 c2
Event: 1.916 Thread 0x000001b52953a800 Uncommon trap: reason=unstable_if action=reinterpret pc=0x000001b51459499c method=java.lang.StringUTF16.compress([CI[BII)I @ 20 c2

Classes redefined (0 events):
No events

Internal exceptions (10 events):
Event: 0.445 Thread 0x000001b504666800 Exception <a 'java/lang/NoSuchMethodError'{0x0000000710a98508}: java.lang.invoke.DirectMethodHandle$Holder.invokeSpecial(Ljava/lang/Object;Ljava/lang/Object;ILjava/lang/Object;Ljava/lang/Object;Ljava/lang/Object;)Ljava/lang/Object;> (0x0000000710a98508) t
Event: 0.462 Thread 0x000001b504666800 Exception <a 'java/lang/ClassNotFoundException'{0x0000000710957530}: com/sun/swing/internal/plaf/metal/resources/spi/metalProvider> (0x0000000710957530) thrown at [t:/workspace/open/src/hotspot/share/classfile/systemDictionary.cpp, line 235]
Event: 0.463 Thread 0x000001b504666800 Exception <a 'java/lang/ClassNotFoundException'{0x000000071095ceb8}: com/sun/swing/internal/plaf/basic/resources/spi/basicProvider> (0x000000071095ceb8) thrown at [t:/workspace/open/src/hotspot/share/classfile/systemDictionary.cpp, line 235]
Event: 0.500 Thread 0x000001b504666800 Exception <a 'java/lang/NoSuchMethodError'{0x00000007109bdf60}: java.lang.invoke.DirectMethodHandle$Holder.invokeStaticInit(Ljava/lang/Object;)V> (0x00000007109bdf60) thrown at [t:/workspace/open/src/hotspot/share/interpreter/linkResolver.cpp, line 777]
Event: 0.511 Thread 0x000001b504666800 Exception <a 'java/io/FileNotFoundException'{0x00000007109ca9b8}> (0x00000007109ca9b8) thrown at [t:/workspace/open/src/hotspot/share/prims/jni.cpp, line 615]
Event: 0.511 Thread 0x000001b504666800 Exception <a 'java/lang/NullPointerException'{0x00000007109cb218}> (0x00000007109cb218) thrown at [t:/workspace/open/src/hotspot/share/interpreter/linkResolver.cpp, line 1356]
Event: 0.532 Thread 0x000001b504666800 Exception <a 'java/lang/NoSuchMethodError'{0x0000000710857598}: java.lang.invoke.Invokers$Holder.linkToTargetMethod(Ljava/lang/Object;ILjava/lang/Object;)Ljava/lang/Object;> (0x0000000710857598) thrown at [t:/workspace/open/src/hotspot/share/interpreter/l
Event: 0.581 Thread 0x000001b52953a800 Exception <a 'java/lang/NoSuchMethodError'{0x000000071071bad0}: java.lang.invoke.DirectMethodHandle$Holder.invokeStaticInit(Ljava/lang/Object;IIII)Ljava/lang/Object;> (0x000000071071bad0) thrown at [t:/workspace/open/src/hotspot/share/interpreter/linkReso
Event: 0.820 Thread 0x000001b52953a800 Exception <a 'java/lang/NoSuchMethodError'{0x0000000710775b00}: java.lang.invoke.DirectMethodHandle$Holder.invokeStaticInit(Ljava/lang/Object;Ljava/lang/Object;IIII)Ljava/lang/Object;> (0x0000000710775b00) thrown at [t:/workspace/open/src/hotspot/share/in
Event: 1.925 Thread 0x000001b528dfc800 Exception <a 'java/lang/NoSuchMethodError'{0x0000000710a96490}: java.lang.invoke.DirectMethodHandle$Holder.invokeVirtual(Ljava/lang/Object;Ljava/lang/Object;)V> (0x0000000710a96490) thrown at [t:/workspace/open/src/hotspot/share/interpreter/linkResolver.c

Events (10 events):
Event: 1.952 Executing VM operation: RevokeBias
Event: 1.952 Executing VM operation: RevokeBias done
Event: 1.956 loading class java/awt/image/DataBufferInt
Event: 1.956 loading class java/awt/image/DataBufferInt done
Event: 1.958 loading class sun/awt/image/IntegerInterleavedRaster
Event: 1.958 loading class sun/awt/image/IntegerInterleavedRaster done
Event: 1.959 Executing VM operation: Deoptimize
Event: 1.959 Executing VM operation: Deoptimize done
Event: 1.973 Executing VM operation: RevokeBias
Event: 1.973 Executing VM operation: RevokeBias done


Dynamic libraries:
0x00007ff7801d0000 - 0x00007ff7801df000 	C:\Program Files\Java\jdk-12.0.1\bin\javaw.exe
0x00007ffb3b710000 - 0x00007ffb3b905000 	C:\WINDOWS\SYSTEM32\ntdll.dll
0x00007ffb39770000 - 0x00007ffb3982d000 	C:\WINDOWS\System32\KERNEL32.DLL
0x00007ffb39360000 - 0x00007ffb39629000 	C:\WINDOWS\System32\KERNELBASE.dll
0x00007ffb38f30000 - 0x00007ffb39030000 	C:\WINDOWS\System32\ucrtbase.dll
0x00007ffb2e9a0000 - 0x00007ffb2e9b8000 	C:\Program Files\Java\jdk-12.0.1\bin\jli.dll
0x00007ffb2ca60000 - 0x00007ffb2ca76000 	C:\Program Files\Java\jdk-12.0.1\bin\VCRUNTIME140.dll
0x00007ffb39960000 - 0x00007ffb39a0c000 	C:\WINDOWS\System32\ADVAPI32.dll
0x00007ffb3b4d0000 - 0x00007ffb3b56e000 	C:\WINDOWS\System32\msvcrt.dll
0x00007ffb3a0f0000 - 0x00007ffb3a18b000 	C:\WINDOWS\System32\sechost.dll
0x00007ffb3b570000 - 0x00007ffb3b69a000 	C:\WINDOWS\System32\RPCRT4.dll
0x00007ffb3a460000 - 0x00007ffb3a600000 	C:\WINDOWS\System32\USER32.dll
0x00007ffb2ac00000 - 0x00007ffb2ae9a000 	C:\WINDOWS\WinSxS\amd64_microsoft.windows.common-controls_6595b64144ccf1df_6.0.19041.1083_none_60bbe31371f34e71\COMCTL32.dll
0x00007ffb39720000 - 0x00007ffb39742000 	C:\WINDOWS\System32\win32u.dll
0x00007ffb39d60000 - 0x00007ffb39d8a000 	C:\WINDOWS\System32\GDI32.dll
0x00007ffb38e20000 - 0x00007ffb38f2b000 	C:\WINDOWS\System32\gdi32full.dll
0x00007ffb39680000 - 0x00007ffb3971d000 	C:\WINDOWS\System32\msvcp_win.dll
0x00007ffb32e60000 - 0x00007ffb32e6a000 	C:\WINDOWS\SYSTEM32\VERSION.dll
0x00007ffb3b3c0000 - 0x00007ffb3b3f0000 	C:\WINDOWS\System32\IMM32.DLL
0x00007ffb077d0000 - 0x00007ffb0787a000 	C:\Program Files\Java\jdk-12.0.1\bin\msvcp140.dll
0x00007ffa9fc10000 - 0x00007ffaa0784000 	C:\Program Files\Java\jdk-12.0.1\bin\server\jvm.dll
0x00007ffb3b4c0000 - 0x00007ffb3b4c8000 	C:\WINDOWS\System32\PSAPI.DLL
0x00007ffb29db0000 - 0x00007ffb29db9000 	C:\WINDOWS\SYSTEM32\WSOCK32.dll
0x00007ffb2da70000 - 0x00007ffb2da97000 	C:\WINDOWS\SYSTEM32\WINMM.dll
0x00007ffb3a270000 - 0x00007ffb3a2db000 	C:\WINDOWS\System32\WS2_32.dll
0x00007ffb36d50000 - 0x00007ffb36d62000 	C:\WINDOWS\SYSTEM32\kernel.appcore.dll
0x00007ffb2aea0000 - 0x00007ffb2aeb1000 	C:\Program Files\Java\jdk-12.0.1\bin\verify.dll
0x00007ffb1ec50000 - 0x00007ffb1ee34000 	C:\WINDOWS\SYSTEM32\DBGHELP.DLL
0x00007ffb1ebe0000 - 0x00007ffb1ec0c000 	C:\WINDOWS\SYSTEM32\dbgcore.DLL
0x00007ffb39170000 - 0x00007ffb391f3000 	C:\WINDOWS\System32\bcryptPrimitives.dll
0x00007ffb03560000 - 0x00007ffb03586000 	C:\Program Files\Java\jdk-12.0.1\bin\java.dll
0x00007ffb227e0000 - 0x00007ffb227f7000 	C:\Program Files\Java\jdk-12.0.1\bin\zip.dll
0x00007ffb2d7f0000 - 0x00007ffb2d7fa000 	C:\Program Files\Java\jdk-12.0.1\bin\jimage.dll
0x00007ffb3a670000 - 0x00007ffb3adaf000 	C:\WINDOWS\System32\SHELL32.dll
0x00007ffb36f50000 - 0x00007ffb376e1000 	C:\WINDOWS\SYSTEM32\windows.storage.dll
0x00007ffb39d90000 - 0x00007ffb3a0e5000 	C:\WINDOWS\System32\combase.dll
0x00007ffb38890000 - 0x00007ffb388bc000 	C:\WINDOWS\SYSTEM32\Wldp.dll
0x00007ffb39a10000 - 0x00007ffb39abe000 	C:\WINDOWS\System32\SHCORE.dll
0x00007ffb39b40000 - 0x00007ffb39b95000 	C:\WINDOWS\System32\shlwapi.dll
0x00007ffb38d60000 - 0x00007ffb38d7f000 	C:\WINDOWS\SYSTEM32\profapi.dll
0x00007ffb1bf20000 - 0x00007ffb1bf39000 	C:\Program Files\Java\jdk-12.0.1\bin\net.dll
0x00007ffb2d880000 - 0x00007ffb2da6c000 	C:\WINDOWS\SYSTEM32\urlmon.dll
0x00007ffb32520000 - 0x00007ffb3262a000 	C:\WINDOWS\SYSTEM32\WINHTTP.dll
0x00007ffb2dc90000 - 0x00007ffb2df40000 	C:\WINDOWS\SYSTEM32\iertutil.dll
0x00007ffb385f0000 - 0x00007ffb3865a000 	C:\WINDOWS\system32\mswsock.dll
0x00007ffb19890000 - 0x00007ffb198a3000 	C:\Program Files\Java\jdk-12.0.1\bin\nio.dll
0x00007ffaf8c90000 - 0x00007ffaf8e2f000 	C:\Program Files\Java\jdk-12.0.1\bin\awt.dll
0x00007ffb3b3f0000 - 0x00007ffb3b4bd000 	C:\WINDOWS\System32\OLEAUT32.dll
0x00007ffb355f0000 - 0x00007ffb35bb0000 	C:\WINDOWS\SYSTEM32\d2d1.dll
0x00007ffb366b0000 - 0x00007ffb36740000 	C:\WINDOWS\SYSTEM32\apphelp.dll
0x00007ffb36a60000 - 0x00007ffb36a8f000 	C:\WINDOWS\system32\DWMAPI.DLL
0x00007ffb367b0000 - 0x00007ffb3684e000 	C:\WINDOWS\system32\uxtheme.dll
0x00007ffaedd00000 - 0x00007ffaede25000 	C:\WINDOWS\system32\opengl32.dll
0x00007ffb140f0000 - 0x00007ffb1411c000 	C:\WINDOWS\SYSTEM32\GLU32.dll
0x00007ffb3a2e0000 - 0x00007ffb3a3f5000 	C:\WINDOWS\System32\MSCTF.dll
0x00007ffafd700000 - 0x00007ffafd8e1000 	C:\Program Files (x86)\Stardock\Fences\FencesMenu64.dll
0x00007ffb39830000 - 0x00007ffb3995a000 	C:\WINDOWS\System32\ole32.dll
0x00007ffb38ce0000 - 0x00007ffb38d0e000 	C:\WINDOWS\SYSTEM32\USERENV.dll
0x00007ffb34880000 - 0x00007ffb34894000 	C:\WINDOWS\SYSTEM32\WTSAPI32.dll
0x00007ffb2e1a0000 - 0x00007ffb2e34b000 	C:\WINDOWS\WinSxS\amd64_microsoft.windows.gdiplus_6595b64144ccf1df_1.1.19041.1081_none_91a70388cc8594fd\gdiplus.dll
0x00007ffb2eac0000 - 0x00007ffb2ec8e000 	C:\WINDOWS\system32\d3d9.dll
0x00007ffb302a0000 - 0x00007ffb303a6000 	C:\WINDOWS\System32\DriverStore\FileRepository\nv_dispui.inf_amd64_dcbd731fd38b6da5\nvldumdx.dll
0x00007ffb38a10000 - 0x00007ffb38a22000 	C:\WINDOWS\SYSTEM32\msasn1.dll
0x00007ffb32dd0000 - 0x00007ffb32e01000 	C:\WINDOWS\SYSTEM32\cryptnet.dll
0x00007ffb39200000 - 0x00007ffb3935f000 	C:\WINDOWS\System32\CRYPT32.dll
0x00007ffb387d0000 - 0x00007ffb387dc000 	C:\WINDOWS\SYSTEM32\cryptbase.dll
0x00007ffb39110000 - 0x00007ffb39170000 	C:\WINDOWS\System32\WINTRUST.DLL
0x00007ffb39750000 - 0x00007ffb3976d000 	C:\WINDOWS\System32\imagehlp.dll
0x00007ffb387e0000 - 0x00007ffb387f8000 	C:\WINDOWS\SYSTEM32\CRYPTSP.dll
0x00007ffb37f20000 - 0x00007ffb37f54000 	C:\WINDOWS\system32\rsaenh.dll
0x00007ffb390e0000 - 0x00007ffb39107000 	C:\WINDOWS\System32\bcrypt.dll
0x00007ffad4f00000 - 0x00007ffad67af000 	C:\WINDOWS\System32\DriverStore\FileRepository\nv_dispui.inf_amd64_dcbd731fd38b6da5\nvd3dumx.dll
0x00007ffb24620000 - 0x00007ffb248e3000 	C:\WINDOWS\system32\nvspcap64.dll
0x00007ffb37b30000 - 0x00007ffb37b63000 	C:\WINDOWS\SYSTEM32\ntmarta.dll
0x00007ffb37700000 - 0x00007ffb37723000 	C:\WINDOWS\SYSTEM32\gpapi.dll
0x00007ffb309d0000 - 0x00007ffb30a0b000 	C:\WINDOWS\SYSTEM32\dxcore.dll
0x00007ffb39630000 - 0x00007ffb3967e000 	C:\WINDOWS\System32\sechost.dll
0x00007ffb05fe0000 - 0x00007ffb06060000 	C:\WINDOWS\System32\win32u.dll
0x00007ffb23d70000 - 0x00007ffb23ddf000 	C:\WINDOWS\System32\msvcp_win.dll
0x00007ffb2e9c0000 - 0x00007ffb2eab9000 	C:\Program Files\Java\jdk-12.0.1\bin\msvcp140.dll
0x00007ffb36120000 - 0x00007ffb3647e000 	C:\WINDOWS\SYSTEM32\WSOCK32.dll
0x00007ffb36480000 - 0x00007ffb36572000 	C:\WINDOWS\SYSTEM32\kernel.appcore.dll
0x00007ffb34dc0000 - 0x00007ffb34f14000 	C:\WINDOWS\SYSTEM32\DBGHELP.DLL
0x00007ffb38290000 - 0x00007ffb382cb000 	C:\WINDOWS\System32\bcryptPrimitives.dll
0x00007ffb3a600000 - 0x00007ffb3a608000 	C:\Program Files\Java\jdk-12.0.1\bin\zip.dll
0x00007ffb32e90000 - 0x00007ffb32ea7000 	C:\WINDOWS\System32\SHELL32.dll
0x00007ffb32e70000 - 0x00007ffb32e8d000 	C:\WINDOWS\System32\combase.dll
0x00007ffb382e0000 - 0x00007ffb383ac000 	C:\WINDOWS\SYSTEM32\DNSAPI.dll
0x00007ffb3b310000 - 0x00007ffb3b3b9000 	C:\WINDOWS\System32\clbcatq.dll
0x00007ffb2bf00000 - 0x00007ffb2c04e000 	C:\Program Files\Java\jdk-12.0.1\bin\net.dll
0x00007ffb339a0000 - 0x00007ffb33a40000 	C:\WINDOWS\SYSTEM32\iertutil.dll
0x00007ffafedf0000 - 0x00007ffafef9e000 	C:\Program Files\Java\jdk-12.0.1\bin\nio.dll
0x00007ffb345b0000 - 0x00007ffb346a6000 	C:\WINDOWS\System32\OLEAUT32.dll
0x00007ffb37fb0000 - 0x00007ffb3803a000 	C:\WINDOWS\SYSTEM32\d2d1.dll
0x00007ffb2b530000 - 0x00007ffb2b672000 	C:\WINDOWS\system32\DWMAPI.DLL
0x00007ffb33f50000 - 0x00007ffb33fb6000 	C:\WINDOWS\SYSTEM32\OLEACC.dll
0x00007ffb2c760000 - 0x00007ffb2c7b5000 	C:\WINDOWS\system32\IME\IMETC\IMTCCFG.DLL
0x00007ffb22dc0000 - 0x00007ffb22efb000 	C:\WINDOWS\system32\IME\IMETC\IMTCCORE.DLL
0x00007ffb38900000 - 0x00007ffb38927000 	C:\Program Files (x86)\Stardock\Fences\FencesMenu64.dll
0x00007ffb388c0000 - 0x00007ffb388fb000 	C:\WINDOWS\SYSTEM32\USERENV.dll
0x00007ffb2e760000 - 0x00007ffb2e79a000 	C:\WINDOWS\WinSxS\amd64_microsoft.windows.gdiplus_6595b64144ccf1df_1.1.19041.1081_none_91a70388cc8594fd\gdiplus.dll
0x00007ffb36a90000 - 0x00007ffb36b6e000 	C:\WINDOWS\System32\DriverStore\FileRepository\nv_dispui.inf_amd64_dcbd731fd38b6da5\nvldumdx.dll
0x00007ffb17040000 - 0x00007ffb17200000 	C:\WINDOWS\SYSTEM32\msasn1.dll
0x00007ffb22bf0000 - 0x00007ffb22c85000 	C:\WINDOWS\System32\CRYPT32.dll
0x00007ffb34db0000 - 0x00007ffb34db7000 	C:\WINDOWS\SYSTEM32\cryptbase.dll
0x00007ffb13850000 - 0x00007ffb13b46000 	C:\WINDOWS\System32\imagehlp.dll
0x00007ffb2c980000 - 0x00007ffb2c992000 	C:\Program Files\Java\jdk-12.0.1\bin\jsound.dll
0x00007ffb02710000 - 0x00007ffb027ac000 	C:\WINDOWS\SYSTEM32\DSOUND.dll
0x00007ffb38400000 - 0x00007ffb3844b000 	C:\WINDOWS\SYSTEM32\powrprof.dll
0x00007ffb224b0000 - 0x00007ffb224d6000 	C:\WINDOWS\system32\nvspcap64.dll
0x00007ffb38270000 - 0x00007ffb38282000 	C:\WINDOWS\SYSTEM32\ntmarta.dll
0x00007ffb33c90000 - 0x00007ffb33d15000 	C:\WINDOWS\System32\MMDevApi.dll
0x00007ffb38bd0000 - 0x00007ffb38bfc000 	C:\WINDOWS\System32\cfgmgr32.dll
0x00007ffafb860000 - 0x00007ffafb8a6000 	C:\Program Files\Java\jdk-12.0.1\bin\fontmanager.dll
0x00007ffb33830000 - 0x00007ffb3383a000 	C:\WINDOWS\SYSTEM32\AVRT.dll
0x00007ffb23920000 - 0x00007ffb23929000 	C:\WINDOWS\System32\CoreMessaging.dll
0x00007ffb33d40000 - 0x00007ffb33ec1000 	C:\WINDOWS\SYSTEM32\wintypes.dll
0x00007ffb23700000 - 0x00007ffb2370d000 	C:\WINDOWS\SYSTEM32\msacm32.drv
0x00007ffb12720000 - 0x00007ffb1273e000 	C:\WINDOWS\SYSTEM32\MSACM32.dll
0x00007ffb23450000 - 0x00007ffb2345b000 	C:\WINDOWS\SYSTEM32\dhcpcsvc.DLL
0x00007ffb36970000 - 0x00007ffb36984000 	C:\WINDOWS\SYSTEM32\resourcepolicyclient.dll
0x00007ffb1ae40000 - 0x00007ffb1ae6d000 	C:\WINDOWS\system32\IME\IMETC\IMTCTIP.DLL
0x00007ffb198b0000 - 0x00007ffb198ef000 	C:\Program Files\Java\jdk-12.0.1\bin\lcms.dll
0x00007ffb2db40000 - 0x00007ffb2dc81000 	C:\WINDOWS\SYSTEM32\PROPSYS.dll
0x00007ffb332f0000 - 0x00007ffb33391000 	C:\WINDOWS\SYSTEM32\msvcp110_win.dll
0x00007ffb2d080000 - 0x00007ffb2d1d2000 	C:\WINDOWS\SYSTEM32\OLEACC.dll
0x00007ffb33080000 - 0x00007ffb33281000 	C:\WINDOWS\system32\IME\IMETC\IMTCCORE.DLL

dbghelp: loaded successfully - version: 4.0.5 - missing functions: none
symbol engine: initialized successfully - sym options: 0x614 - pdb path: .;C:\Program Files\Java\jdk-12.0.1\bin;C:\WINDOWS\SYSTEM32;C:\WINDOWS\WinSxS\amd64_microsoft.windows.common-controls_6595b64144ccf1df_6.0.19041.1083_none_60bbe31371f34e71;C:\Program Files\Java\jdk-12.0.1\bin\server;C:\Program Files (x86)\Stardock\Fences;C:\WINDOWS\WinSxS\amd64_microsoft.windows.gdiplus_6595b64144ccf1df_1.1.19041.1081_none_91a70388cc8594fd;C:\WINDOWS\System32\DriverStore\FileRepository\nv_dispui.inf_amd64_dcbd731fd38b6da5;C:\WINDOWS\system32\IME\IMETC;C:\Windows\System32\IME\shared

VM Arguments:
jvm_args: -Dfile.encoding=UTF-8 
java_command: Main.Game
java_class_path (initial): C:\Users\User\eclipse-workspace\JavaGame\bin;C:\Users\User\eclipse-workspace\JavaGame\lib\jl1.0.1.jar;C:\Users\User\eclipse-workspace\JavaGame\lib\json-simple-1.1.1.jar;C:\Users\User\eclipse-workspace\JavaGame\lib\mp3spi1.9.5.jar;C:\Users\User\eclipse-workspace\JavaGame\lib\tritonus_share.jar
Launcher Type: SUN_STANDARD

[Global flags]
     intx CICompilerCount                          = 4                                         {product} {ergonomic}
     uint ConcGCThreads                            = 2                                         {product} {ergonomic}
     uint G1ConcRefinementThreads                  = 8                                         {product} {ergonomic}
   size_t G1HeapRegionSize                         = 1048576                                   {product} {ergonomic}
    uintx GCDrainStackTargetSize                   = 64                                        {product} {ergonomic}
   size_t InitialHeapSize                          = 268435456                                 {product} {ergonomic}
   size_t MarkStackSize                            = 4194304                                   {product} {ergonomic}
   size_t MaxHeapSize                              = 4280287232                                {product} {ergonomic}
   size_t MaxNewSize                               = 2567962624                                {product} {ergonomic}
   size_t MinHeapDeltaBytes                        = 1048576                                   {product} {ergonomic}
    uintx NonNMethodCodeHeapSize                   = 5836300                                {pd product} {ergonomic}
    uintx NonProfiledCodeHeapSize                  = 122910970                              {pd product} {ergonomic}
    uintx ProfiledCodeHeapSize                     = 122910970                              {pd product} {ergonomic}
    uintx ReservedCodeCacheSize                    = 251658240                              {pd product} {ergonomic}
     bool SegmentedCodeCache                       = true                                      {product} {ergonomic}
     bool UseCompressedClassPointers               = true                                 {lp64_product} {ergonomic}
     bool UseCompressedOops                        = true                                 {lp64_product} {ergonomic}
     bool UseG1GC                                  = true                                      {product} {ergonomic}
     bool UseLargePagesIndividualAllocation        = false                                  {pd product} {ergonomic}

Logging:
Log output configuration:
 #0: stdout all=warning uptime,level,tags
 #1: stderr all=off uptime,level,tags

Environment Variables:
PATH=C:/Program Files/Java/jdk-12.0.1/bin/server;C:/Program Files/Java/jdk-12.0.1/bin;C:\Program Files\NVIDIA GPU Computing Toolkit\CUDA\v11.4\bin;C:\Program Files\NVIDIA GPU Computing Toolkit\CUDA\v11.4\libnvvp;C:\Program Files\NVIDIA GPU Computing Toolkit\CUDA\v10.2\bin;C:\Program Files\NVIDIA GPU Computing Toolkit\CUDA\v10.2\libnvvp;C:\Program Files (x86)\Intel\iCLS Client\;C:\Program Files\Intel\iCLS Client\;C:\Windows\system32;C:\Windows;C:\Windows\System32\Wbem;C:\Windows\System32\WindowsPowerShell\v1.0\;C:\Windows\System32\OpenSSH\;C:\Program Files (x86)\Intel\Intel(R) Management Engine Components\DAL;C:\Program Files\Intel\Intel(R) Management Engine Components\DAL;C:\Program Files (x86)\Intel\Intel(R) Management Engine Components\IPT;C:\Program Files\Intel\Intel(R) Management Engine Components\IPT;C:\Program Files (x86)\NVIDIA Corporation\PhysX\Common;C:\Program Files\Java\jdk-12.0.1\bin;C:\WINDOWS\system32;C:\WINDOWS;C:\WINDOWS\System32\Wbem;C:\WINDOWS\System32\WindowsPowerShell\v1.0\;C:\WINDOWS\System32\OpenSSH\;C:\Program Files\MATLAB\R2020a\bin;C:\Program Files\MATLAB\R2019a\bin;C:\Program Files\Git\cmd;C:\Program Files (x86)\QuickTime\QTSystem\;C:\Users\User\apache-maven-3.6.3\bin;C:\Program Files\nodejs\;C:\WINDOWS\system32;C:\WINDOWS;C:\WINDOWS\System32\Wbem;C:\WINDOWS\System32\WindowsPowerShell\v1.0\;C:\WINDOWS\System32\OpenSSH\;C:\Program Files (x86)\Pulse Secure\VC142.CRT\X64\;C:\Program Files (x86)\Pulse Secure\VC142.CRT\X86\;C:\Program Files\NVIDIA Corporation\Nsight Compute 2021.2.0\;C:\Program Files\NVIDIA Corporation\NVIDIA NvDLISR;C:\Program Files\dotnet\;C:\Users\User\AppData\Local\Microsoft\WindowsApps;C:\VSCODE\Microsoft VS Code\bin;C:\Program Files\Java\jdk-12.0.1\bin;C:\Users\User\AppData\Roaming\npm;C:\Users\User\cuda\bin;;C:\WINDOWS\System32;
USERNAME=User
OS=Windows_NT
PROCESSOR_IDENTIFIER=Intel64 Family 6 Model 60 Stepping 3, GenuineIntel



---------------  S Y S T E M  ---------------

OS: Windows 10 , 64 bit Build 19041 (10.0.19041.1023)

CPU:total 8 (initial active 8) (4 cores per cpu, 2 threads per core) family 6 model 60 stepping 3, cmov, cx8, fxsr, mmx, sse, sse2, sse3, ssse3, sse4.1, sse4.2, popcnt, avx, avx2, aes, clmul, erms, lzcnt, ht, tsc, tscinvbit, bmi1, bmi2, fma

Memory: 4k page, system-wide physical 16322M (5027M free)
TotalPageFile size 46768M (AvailPageFile size 4M)
current process WorkingSet (physical memory assigned to process): 153M, peak: 153M
current process commit charge ("private bytes"): 407M, peak: 412M

vm_info: Java HotSpot(TM) 64-Bit Server VM (12.0.1+12) for windows-amd64 JRE (12.0.1+12), built on Apr  2 2019 14:02:19 by "mach5one" with MS VC++ 15.5 (VS2017)

END.
